<?xml version="1.0" encoding="UTF-8"?>
<!-- Generated by org.testng.reporters.JUnitReportReporter -->
<testsuite hostname="DESKTOP-2L6GFFA" failures="0" tests="1" name="exceltechonologistltdhw.SmartCarePro" time="109.353" errors="0" timestamp="2024-05-23T12:12:42 BDT" skipped="0">
  <testcase classname="exceltechonologistltdhw.SmartCarePro" name="TestHomeWork" time="109.353"/>
</testsuite> <!-- exceltechonologistltdhw.SmartCarePro -->
